Removed Pin From Net: NetName=NetISO1_1 Pin=ISO1-1
Removed Pin From Net: NetName=GND Pin=ISO1-2
Removed Pin From Net: NetName=NetISO1_3 Pin=ISO1-3
Removed Pin From Net: NetName=5Vdc Pin=ISO1-4
Removed Pin From Net: NetName=NetISO2_1 Pin=ISO2-1
Removed Pin From Net: NetName=GND Pin=ISO2-2
Removed Pin From Net: NetName=NetISO2_3 Pin=ISO2-3
Removed Pin From Net: NetName=5Vdc Pin=ISO2-4
Removed Pin From Net: NetName=NetISO3_1 Pin=ISO3-1
Removed Pin From Net: NetName=GND Pin=ISO3-2
Removed Pin From Net: NetName=NetISO3_3 Pin=ISO3-3
Removed Pin From Net: NetName=5Vdc Pin=ISO3-4
Removed Pin From Net: NetName=NetISO4_1 Pin=ISO4-1
Removed Pin From Net: NetName=GND Pin=ISO4-2
Removed Pin From Net: NetName=NetISO4_3 Pin=ISO4-3
Removed Pin From Net: NetName=5Vdc Pin=ISO4-4
Removed Pin From Net: NetName=NetISO2_1 Pin=R4-2
Removed Pin From Net: NetName=NetISO1_3 Pin=R5-1
Removed Pin From Net: NetName=NetISO4_1 Pin=R8-2
Removed Pin From Net: NetName=NetISO3_3 Pin=R9-1
Removed Member From Class: ClassName=sdnl Member=ISO1
Removed Member From Class: ClassName=sdnl Member=ISO2
Removed Member From Class: ClassName=sdnl Member=ISO3
Removed Member From Class: ClassName=sdnl Member=ISO4
Added Component: Designator=U1(DIP4)
Add component. Clean all parameters for all variants
Add component (AddParameter): Name = "ComponentLink1Description"; Value = "Digikey Part Link"; VariantName = "[No Variations]"
Add component (AddParameter): Name = "ComponentLink1URL"; Value = ""; VariantName = "[No Variations]"
Add component (AddParameter): Name = "ComponentLink2Description"; Value = "Open Datasheet"; VariantName = "[No Variations]"
Add component (AddParameter): Name = "ComponentLink2URL"; Value = "H:\LIBRARY\LIBRARY.Datasheet\ds_PC817.pdf"; VariantName = "[No Variations]"
Add component (AddParameter): Name = "Fc"; Value = "80Khz"; VariantName = "[No Variations]"
Add component (AddParameter): Name = "Manufacturer"; Value = ""; VariantName = "[No Variations]"
Add component (AddParameter): Name = "Manufacturer P/N"; Value = ""; VariantName = "[No Variations]"
Add component (AddParameter): Name = "Published"; Value = "13-April-2009"; VariantName = "[No Variations]"
Add component (AddParameter): Name = "Publisher"; Value = "Hoang Nguyen"; VariantName = "[No Variations]"
Add component (AddParameter): Name = "Vendor"; Value = "Digikey"; VariantName = "[No Variations]"
Add component (AddParameter): Name = "Vendor P/N"; Value = ""; VariantName = "[No Variations]"
Added Component: Designator=U2(DIP4)
Add component. Clean all parameters for all variants
Add component (AddParameter): Name = "ComponentLink1Description"; Value = "Digikey Part Link"; VariantName = "[No Variations]"
Add component (AddParameter): Name = "ComponentLink1URL"; Value = ""; VariantName = "[No Variations]"
Add component (AddParameter): Name = "ComponentLink2Description"; Value = "Open Datasheet"; VariantName = "[No Variations]"
Add component (AddParameter): Name = "ComponentLink2URL"; Value = "H:\LIBRARY\LIBRARY.Datasheet\ds_PC817.pdf"; VariantName = "[No Variations]"
Add component (AddParameter): Name = "Fc"; Value = "80Khz"; VariantName = "[No Variations]"
Add component (AddParameter): Name = "Manufacturer"; Value = ""; VariantName = "[No Variations]"
Add component (AddParameter): Name = "Manufacturer P/N"; Value = ""; VariantName = "[No Variations]"
Add component (AddParameter): Name = "Published"; Value = "13-April-2009"; VariantName = "[No Variations]"
Add component (AddParameter): Name = "Publisher"; Value = "Hoang Nguyen"; VariantName = "[No Variations]"
Add component (AddParameter): Name = "Vendor"; Value = "Digikey"; VariantName = "[No Variations]"
Add component (AddParameter): Name = "Vendor P/N"; Value = ""; VariantName = "[No Variations]"
Added Component: Designator=U3(DIP4)
Add component. Clean all parameters for all variants
Add component (AddParameter): Name = "ComponentLink1Description"; Value = "Digikey Part Link"; VariantName = "[No Variations]"
Add component (AddParameter): Name = "ComponentLink1URL"; Value = ""; VariantName = "[No Variations]"
Add component (AddParameter): Name = "ComponentLink2Description"; Value = "Open Datasheet"; VariantName = "[No Variations]"
Add component (AddParameter): Name = "ComponentLink2URL"; Value = "H:\LIBRARY\LIBRARY.Datasheet\ds_PC817.pdf"; VariantName = "[No Variations]"
Add component (AddParameter): Name = "Fc"; Value = "80Khz"; VariantName = "[No Variations]"
Add component (AddParameter): Name = "Manufacturer"; Value = ""; VariantName = "[No Variations]"
Add component (AddParameter): Name = "Manufacturer P/N"; Value = ""; VariantName = "[No Variations]"
Add component (AddParameter): Name = "Published"; Value = "13-April-2009"; VariantName = "[No Variations]"
Add component (AddParameter): Name = "Publisher"; Value = "Hoang Nguyen"; VariantName = "[No Variations]"
Add component (AddParameter): Name = "Vendor"; Value = "Digikey"; VariantName = "[No Variations]"
Add component (AddParameter): Name = "Vendor P/N"; Value = ""; VariantName = "[No Variations]"
Added Component: Designator=U4(DIP4)
Add component. Clean all parameters for all variants
Add component (AddParameter): Name = "ComponentLink1Description"; Value = "Digikey Part Link"; VariantName = "[No Variations]"
Add component (AddParameter): Name = "ComponentLink1URL"; Value = ""; VariantName = "[No Variations]"
Add component (AddParameter): Name = "ComponentLink2Description"; Value = "Open Datasheet"; VariantName = "[No Variations]"
Add component (AddParameter): Name = "ComponentLink2URL"; Value = "H:\LIBRARY\LIBRARY.Datasheet\ds_PC817.pdf"; VariantName = "[No Variations]"
Add component (AddParameter): Name = "Fc"; Value = "80Khz"; VariantName = "[No Variations]"
Add component (AddParameter): Name = "Manufacturer"; Value = ""; VariantName = "[No Variations]"
Add component (AddParameter): Name = "Manufacturer P/N"; Value = ""; VariantName = "[No Variations]"
Add component (AddParameter): Name = "Published"; Value = "13-April-2009"; VariantName = "[No Variations]"
Add component (AddParameter): Name = "Publisher"; Value = "Hoang Nguyen"; VariantName = "[No Variations]"
Add component (AddParameter): Name = "Vendor"; Value = "Digikey"; VariantName = "[No Variations]"
Add component (AddParameter): Name = "Vendor P/N"; Value = ""; VariantName = "[No Variations]"
Added Pin To Net: NetName=NetISO1_3 Pin=R4-2
Added Pin To Net: NetName=NetISO2_1 Pin=R5-1
Added Pin To Net: NetName=NetISO3_3 Pin=R8-2
Added Pin To Net: NetName=NetISO4_1 Pin=R9-1
Added Pin To Net: NetName=NetISO1_1 Pin=U1-1
Added Pin To Net: NetName=GND Pin=U1-2
Added Pin To Net: NetName=NetISO2_1 Pin=U1-3
Added Pin To Net: NetName=5Vdc Pin=U1-4
Added Pin To Net: NetName=NetISO1_3 Pin=U2-1
Added Pin To Net: NetName=GND Pin=U2-2
Added Pin To Net: NetName=NetISO2_3 Pin=U2-3
Added Pin To Net: NetName=5Vdc Pin=U2-4
Added Pin To Net: NetName=NetISO3_1 Pin=U3-1
Added Pin To Net: NetName=GND Pin=U3-2
Added Pin To Net: NetName=NetISO4_1 Pin=U3-3
Added Pin To Net: NetName=5Vdc Pin=U3-4
Added Pin To Net: NetName=NetISO3_3 Pin=U4-1
Added Pin To Net: NetName=GND Pin=U4-2
Added Pin To Net: NetName=NetISO4_3 Pin=U4-3
Added Pin To Net: NetName=5Vdc Pin=U4-4
Change Net Name : Old Net Name=NetISO1_1 New Net Name=NetR3_2
Change Net Name : Old Net Name=NetISO1_3 New Net Name=NetR4_2
Change Net Name : Old Net Name=NetISO2_1 New Net Name=NetR5_1
Change Net Name : Old Net Name=NetISO2_3 New Net Name=NetR6_1
Change Net Name : Old Net Name=NetISO3_1 New Net Name=NetR7_2
Change Net Name : Old Net Name=NetISO3_3 New Net Name=NetR8_2
Change Net Name : Old Net Name=NetISO4_1 New Net Name=NetR9_1
Change Net Name : Old Net Name=NetISO4_3 New Net Name=NetR10_1
Added Member To Class: ClassName=sdnl Member=Component U1 PC817
Added Member To Class: ClassName=sdnl Member=Component U2 PC817
Added Member To Class: ClassName=sdnl Member=Component U3 PC817
Added Member To Class: ClassName=sdnl Member=Component U4 PC817
Added Room: Name=sdnl
